[debug] [2020-04-14T12:20:28.312Z] ----------------------------------------------------------------------
[debug] [2020-04-14T12:20:28.315Z] Command:       /usr/local/bin/node /usr/local/bin/firebase init
[debug] [2020-04-14T12:20:28.315Z] CLI Version:   3.18.4
[debug] [2020-04-14T12:20:28.315Z] Platform:      darwin
[debug] [2020-04-14T12:20:28.315Z] Node Version:  v10.16.3
[debug] [2020-04-14T12:20:28.316Z] Time:          Tue Apr 14 2020 18:20:28 GMT+0600 (Bangladesh Standard Time)
[debug] [2020-04-14T12:20:28.316Z] ----------------------------------------------------------------------
[debug] 
[debug] [2020-04-14T12:20:28.326Z] > command requires scopes: ["email","openid","https://www.googleapis.com/auth/cloudplatformprojects.readonly","https://www.googleapis.com/auth/firebase"]
[debug] [2020-04-14T12:20:28.327Z] > authorizing via signed-in user
[info] 
     🔥🔥🔥🔥🔥🔥🔥🔥 🔥🔥🔥🔥 🔥🔥🔥🔥🔥🔥🔥🔥  🔥🔥🔥🔥🔥🔥🔥🔥 🔥🔥🔥🔥🔥🔥🔥🔥     🔥🔥🔥     🔥🔥🔥🔥🔥🔥  🔥🔥🔥🔥🔥🔥🔥🔥
     🔥🔥        🔥🔥  🔥🔥     🔥🔥 🔥🔥       🔥🔥     🔥🔥  🔥🔥   🔥🔥  🔥🔥       🔥🔥
     🔥🔥🔥🔥🔥🔥    🔥🔥  🔥🔥🔥🔥🔥🔥🔥🔥  🔥🔥🔥🔥🔥🔥   🔥🔥🔥🔥🔥🔥🔥🔥  🔥🔥🔥🔥🔥🔥🔥🔥🔥  🔥🔥🔥🔥🔥🔥  🔥🔥🔥🔥🔥🔥
     🔥🔥        🔥🔥  🔥🔥    🔥🔥  🔥🔥       🔥🔥     🔥🔥 🔥🔥     🔥🔥       🔥🔥 🔥🔥
     🔥🔥       🔥🔥🔥🔥 🔥🔥     🔥🔥 🔥🔥🔥🔥🔥🔥🔥🔥 🔥🔥🔥🔥🔥🔥🔥🔥  🔥🔥     🔥🔥  🔥🔥🔥🔥🔥🔥  🔥🔥🔥🔥🔥🔥🔥🔥

You're about to initialize a Firebase project in this directory:

  /Users/macbookair/Desktop/DoApp/app/src/main/java/com/example/mainuddin/doapp/Notification

[info] 
=== Project Setup
[info] 
[info] First, let's associate this project directory with a Firebase project.
[info] You can create multiple project aliases by running firebase use --add, 
[info] but for now we'll just set up a default project.
[info] 
[debug] [2020-04-14T12:20:44.007Z] > refreshing access token with scopes: ["email","https://www.googleapis.com/auth/cloudplatformprojects.readonly","https://www.googleapis.com/auth/firebase","openid"]
[debug] [2020-04-14T12:20:44.007Z] >>> HTTP REQUEST POST https://www.googleapis.com/oauth2/v3/token  
 { refresh_token:
   '1//0g_COvjUz47BICgYIARAAGBASNwF-L9IrkzsX5_KOqz-YafEQ2Wh-wVw41n1DK02pG34gnyeW4lM3hNYlqr3zItCfP0TGFY0tt1Y',
  client_id:
   '563584335869-fgrhgmd47bqnekij5i8b5pr03ho849e6.apps.googleusercontent.com',
  client_secret: 'j9iVZfS8kkCEFUPaAeJV0sAi',
  grant_type: 'refresh_token',
  scope:
   'email https://www.googleapis.com/auth/cloudplatformprojects.readonly https://www.googleapis.com/auth/firebase openid' } 
 Tue Apr 14 2020 18:20:44 GMT+0600 (Bangladesh Standard Time)
[debug] [2020-04-14T12:20:44.397Z] <<< HTTP RESPONSE 200
[debug] [2020-04-14T12:20:44.422Z] >>> HTTP REQUEST GET https://admin.firebase.com/v1/projects  
  
 Tue Apr 14 2020 18:20:44 GMT+0600 (Bangladesh Standard Time)
[debug] [2020-04-14T12:20:45.564Z] Error: certificate has expired
    at TLSSocket.onConnectSecure (_tls_wrap.js:1058:34)
    at TLSSocket.emit (events.js:198:13)
    at TLSSocket.EventEmitter.emit (domain.js:448:20)
    at TLSSocket._finishInit (_tls_wrap.js:636:8)
[error] 
[error] Error: Server Error. certificate has expired
[debug] [2020-04-14T12:20:51.035Z] ----------------------------------------------------------------------
[debug] [2020-04-14T12:20:51.039Z] Command:       /usr/local/bin/node /usr/local/bin/firebase init
[debug] [2020-04-14T12:20:51.040Z] CLI Version:   3.18.4
[debug] [2020-04-14T12:20:51.040Z] Platform:      darwin
[debug] [2020-04-14T12:20:51.040Z] Node Version:  v10.16.3
[debug] [2020-04-14T12:20:51.041Z] Time:          Tue Apr 14 2020 18:20:51 GMT+0600 (Bangladesh Standard Time)
[debug] [2020-04-14T12:20:51.041Z] ----------------------------------------------------------------------
[debug] 
[debug] [2020-04-14T12:20:51.052Z] > command requires scopes: ["email","openid","https://www.googleapis.com/auth/cloudplatformprojects.readonly","https://www.googleapis.com/auth/firebase"]
[debug] [2020-04-14T12:20:51.052Z] > authorizing via signed-in user
[info] 
     🔥🔥🔥🔥🔥🔥🔥🔥 🔥🔥🔥🔥 🔥🔥🔥🔥🔥🔥🔥🔥  🔥🔥🔥🔥🔥🔥🔥🔥 🔥🔥🔥🔥🔥🔥🔥🔥     🔥🔥🔥     🔥🔥🔥🔥🔥🔥  🔥🔥🔥🔥🔥🔥🔥🔥
     🔥🔥        🔥🔥  🔥🔥     🔥🔥 🔥🔥       🔥🔥     🔥🔥  🔥🔥   🔥🔥  🔥🔥       🔥🔥
     🔥🔥🔥🔥🔥🔥    🔥🔥  🔥🔥🔥🔥🔥🔥🔥🔥  🔥🔥🔥🔥🔥🔥   🔥🔥🔥🔥🔥🔥🔥🔥  🔥🔥🔥🔥🔥🔥🔥🔥🔥  🔥🔥🔥🔥🔥🔥  🔥🔥🔥🔥🔥🔥
     🔥🔥        🔥🔥  🔥🔥    🔥🔥  🔥🔥       🔥🔥     🔥🔥 🔥🔥     🔥🔥       🔥🔥 🔥🔥
     🔥🔥       🔥🔥🔥🔥 🔥🔥     🔥🔥 🔥🔥🔥🔥🔥🔥🔥🔥 🔥🔥🔥🔥🔥🔥🔥🔥  🔥🔥     🔥🔥  🔥🔥🔥🔥🔥🔥  🔥🔥🔥🔥🔥🔥🔥🔥

You're about to initialize a Firebase project in this directory:

  /Users/macbookair/Desktop/DoApp/app/src/main/java/com/example/mainuddin/doapp/Notification

[info] 
=== Project Setup
[info] 
[info] First, let's associate this project directory with a Firebase project.
[info] You can create multiple project aliases by running firebase use --add, 
[info] but for now we'll just set up a default project.
[info] 
[debug] [2020-04-14T12:20:53.849Z] >>> HTTP REQUEST GET https://admin.firebase.com/v1/projects  
  
 Tue Apr 14 2020 18:20:53 GMT+0600 (Bangladesh Standard Time)
[debug] [2020-04-14T12:20:55.166Z] Error: certificate has expired
    at TLSSocket.onConnectSecure (_tls_wrap.js:1058:34)
    at TLSSocket.emit (events.js:198:13)
    at TLSSocket.EventEmitter.emit (domain.js:448:20)
    at TLSSocket._finishInit (_tls_wrap.js:636:8)
[error] 
[error] Error: Server Error. certificate has expired
